Arguments: 
  C:\Program Files\nodejs\node.exe C:\Users\HP\AppData\Roaming\npm\node_modules\yarn\bin\yarn.js start

PATH: 
  C:\Program Files (x86)\VMware\VMware Player\bin\;C:\Program Files\Common Files\Oracle\Java\javapath;C:\WINDOWS\system32;C:\WINDOWS;C:\WINDOWS\System32\Wbem;C:\WINDOWS\System32\WindowsPowerShell\v1.0\;C:\WINDOWS\System32\OpenSSH\;C:\Program Files\dotnet\;C:\Program Files\Microsoft SQL Server\130\Tools\Binn\;C:\Program Files\Microsoft SQL Server\Client SDK\ODBC\170\Tools\Binn\;C:\Program Files\Java\jdk-17\bin;C:\Program Files\Java\jdk-16.0.2\bin;C:\Program Files (x86)\Brackets\command;C:\Users\HP\Downloads\flutter_windows_2.8.1-stable\flutter\bin;C:\Program Files\Git\cmd;C:\Program Files\nodejs\;C:\Program Files\MySQL\MySQL Shell 8.0\bin\;C:\Users\HP\AppData\Local\Microsoft\WindowsApps;C:\Users\HP\.dotnet\tools;C:\Users\HP\AppData\Local\Programs\Microsoft VS Code\bin;C:\Users\HP\AppData\Local\GitHubDesktop\bin;C:\Users\HP\AppData\Roaming\npm

Yarn version: 
  1.22.18

Node version: 
  16.14.2

Platform: 
  win32 x64

Trace: 
  SyntaxError: D:\Enterprise\backend\package.json: Unexpected token } in JSON at position 145
      at JSON.parse (<anonymous>)
      at C:\Users\HP\AppData\Roaming\npm\node_modules\yarn\lib\cli.js:1625:59
      at Generator.next (<anonymous>)
      at step (C:\Users\HP\AppData\Roaming\npm\node_modules\yarn\lib\cli.js:310:30)
      at C:\Users\HP\AppData\Roaming\npm\node_modules\yarn\lib\cli.js:321:13

npm manifest: 
  {
    "dependencies": {
      "Express": "^3.0.1"
      
    },
    "name": "backend",
    "version": "1.0.0",
    "main": "index.js",
    "license": "MIT",
    
  
  }

yarn manifest: 
  No manifest

Lockfile: 
  # THIS IS AN AUTOGENERATED FILE. DO NOT EDIT THIS FILE DIRECTLY.
  # yarn lockfile v1
  
  
  Express@^3.0.1:
    version "3.0.1"
    resolved "https://registry.yarnpkg.com/Express/-/Express-3.0.1.tgz#e64ef7cb37684a69fc22d4111ddde4498896496a"
    integrity sha1-5k73yzdoSmn8ItQRHd3kSYiWSWo=
